[cleanupOldMessages] Starting cleanup...
[cleanupOldMessages] Text messages older than 2025-10-05T11:16:57.017Z will be deleted
[cleanupOldMessages] File messages older than 2025-12-27T11:16:57.017Z will be deleted
[cleanupOldMessages] Found 0 file messages to delete
[cleanupOldMessages] Deleted 0 file messages
[cleanupOldMessages] Deleted 0 text messages
[cleanupOldMessages] Cleanup completed. Deleted 0 file messages, 0 text messages, 0 files, freed 0.00MB
[cleanupOldMessages] Starting cleanup...
[cleanupOldMessages] Text messages older than 2025-10-05T19:00:04.176Z will be deleted
[cleanupOldMessages] File messages older than 2025-12-27T19:00:04.176Z will be deleted
[cleanupOldMessages] Found 0 file messages to delete
[cleanupOldMessages] Deleted 0 file messages
[cleanupOldMessages] Deleted 0 text messages
[cleanupOldMessages] Cleanup completed. Deleted 0 file messages, 0 text messages, 0 files, freed 0.00MB
npm WARN config tmp This setting is no longer used.  npm stores temporary files in a special
npm WARN config location in the cache, and they are managed by
npm WARN config     [`cacache`](http://npm.im/cacache).
[cleanupOldMessages] Starting cleanup...
[cleanupOldMessages] Text messages older than 2025-10-06T19:00:03.092Z will be deleted
[cleanupOldMessages] File messages older than 2025-12-28T19:00:03.092Z will be deleted
[cleanupOldMessages] Found 0 file messages to delete
[cleanupOldMessages] Deleted 0 file messages
[cleanupOldMessages] Deleted 0 text messages
[cleanupOldMessages] Cleanup completed. Deleted 0 file messages, 0 text messages, 0 files, freed 0.00MB
npm WARN config tmp This setting is no longer used.  npm stores temporary files in a special
npm WARN config location in the cache, and they are managed by
npm WARN config     [`cacache`](http://npm.im/cacache).
[cleanupOldMessages] Starting cleanup...
[cleanupOldMessages] Text messages older than 2025-10-07T19:00:02.720Z will be deleted
[cleanupOldMessages] File messages older than 2025-12-29T19:00:02.720Z will be deleted
[cleanupOldMessages] Found 0 file messages to delete
[cleanupOldMessages] Deleted 0 file messages
[cleanupOldMessages] Deleted 0 text messages
[cleanupOldMessages] Cleanup completed. Deleted 0 file messages, 0 text messages, 0 files, freed 0.00MB
